<?xml version="1.0" encoding="UTF-8"?>
<testsuite xmlns:xsi="http://www.w3.org/2001/XMLSchema-instance" xsi:noNamespaceSchemaLocation="https://maven.apache.org/surefire/maven-surefire-plugin/xsd/surefire-test-report.xsd" name="com.itheima.TliasWebManagementApplicationTests" time="2.081" tests="4" errors="1" skipped="0" failures="0">
  <properties>
[...]
</properties>
  <testcase name="testUuid" classname="com.itheima.TliasWebManagementApplicationTests" time="1.657"/>
  <testcase name="contextLoads" classname="com.itheima.TliasWebManagementApplicationTests" time="0"/>
  <testcase name="testGenJwt" classname="com.itheima.TliasWebManagementApplicationTests" time="0.369"/>
  <testcase name="testParseJwt" classname="com.itheima.TliasWebManagementApplicationTests" time="0.043">
    <error message="JWT expired at 2023-03-29T21:13:17Z. Current time: 2023-04-25T11:29:17Z, a difference of 2297760636 milliseconds.  Allowed clock skew: 0 milliseconds." type="io.jsonwebtoken.ExpiredJwtException">io.jsonwebtoken.ExpiredJwtException: JWT expired at 2023-03-29T21:13:17Z. Current time: 2023-04-25T11:29:17Z, a difference of 2297760636 milliseconds.  Allowed clock skew: 0 milliseconds.
	at com.itheima.TliasWebManagementApplicationTests.testParseJwt(TliasWebManagementApplicationTests.java:61)
</error>
  </testcase>
</testsuite>